Sat Mar 14 16:20:13 WCAST 2026 - Uploaded file Temi.txt
Sat Mar 14 16:24:29 WCAST 2026 - Listed files
Sat Mar 14 16:24:48 WCAST 2026 - Uploaded file Temi.txt
Sat Mar 14 16:24:59 WCAST 2026 - Listed files
Sat Mar 14 16:26:13 WCAST 2026 - Downloaded file good.txt
Sat Mar 14 16:31:10 WCAST 2026 - Listed files
Sat Mar 14 16:31:28 WCAST 2026 - Deleted file good.txt
Sat Mar 14 16:31:36 WCAST 2026 - Listed files
Wed, Mar 18, 2026  7:10:42 PM - Listed files
Wed, Mar 18, 2026  7:11:05 PM - Listed files
Wed, Mar 18, 2026  7:13:20 PM - Uploaded file ram.txt
Wed, Mar 18, 2026  8:00:19 PM - Listed files
Wed, Mar 18, 2026  8:02:26 PM - Uploaded file ram.txt
Wed, Mar 18, 2026  8:08:55 PM - Uploaded file ram.txt
Wed, Mar 18, 2026  8:32:02 PM - Listed files
Wed, Mar 18, 2026  8:32:19 PM - Listed files
Wed, Mar 18, 2026  8:35:29 PM - Listed files
Wed, Mar 18, 2026  8:41:20 PM - Listed files
Wed, Mar 18, 2026  8:41:40 PM - Uploaded file ram.txt
Wed, Mar 18, 2026  8:41:55 PM - Listed files
Wed, Mar 18, 2026  8:47:36 PM - Downloaded file hello.txt
